<?xml version="1.0" encoding="UTF-8"?>
<!-- Generated by org.testng.reporters.JUnitReportReporter -->
<testsuite hostname="SEZLAP-12009" failures="0" tests="2" name="practice.Testng2" time="0.016" errors="0" timestamp="2021-04-09T02:17:34 IST" skipped="0">
  <testcase classname="practice.Testng2" name="test_04fourth" time="0.008"/>
  <system-out/>
  <testcase classname="practice.Testng2" name="test03_third" time="0.008"/>
  <system-out/>
</testsuite> <!-- practice.Testng2 -->
