<?xml version="1.0" encoding="UTF-8"?>
<!-- Generated by org.testng.reporters.JUnitReportReporter -->
<testsuite hostname="SEZLAP-12009" failures="0" tests="1" name="practice.Testng3" time="0.002" errors="0" timestamp="2021-04-08T18:19:12 IST" skipped="0">
  <testcase classname="practice.Testng3" name="test06_sixth" time="0.002"/>
  <system-out/>
</testsuite> <!-- practice.Testng3 -->
