<?xml version="1.0" encoding="UTF-8"?>
<!-- Generated by org.testng.reporters.JUnitReportReporter -->
<testsuite hostname="SEZLAP-12009" failures="0" tests="2" name="practice.Testng2" time="0.002" errors="0" timestamp="2021-04-08T17:44:01 IST" skipped="0">
  <testcase classname="practice.Testng2" name="test_04fourth" time="0.001"/>
  <system-out/>
  <testcase classname="practice.Testng2" name="test03_third" time="0.001"/>
  <system-out/>
</testsuite> <!-- practice.Testng2 -->
