<?xml version="1.0" encoding="UTF-8"?>
<!-- Generated by org.testng.reporters.JUnitReportReporter -->
<testsuite hostname="SEZLAP-12009" failures="0" tests="2" name="practice.Testng1" time="0.010" errors="0" timestamp="2021-04-08T17:44:01 IST" skipped="0">
  <testcase classname="practice.Testng1" name="test01_first" time="0.009"/>
  <system-out/>
  <testcase classname="practice.Testng1" name="test02_second" time="0.001"/>
  <system-out/>
</testsuite> <!-- practice.Testng1 -->
