<?xml version="1.0" encoding="UTF-8"?>
<!-- Generated by org.testng.reporters.JUnitReportReporter -->
<testsuite hostname="SEZLAP-12009" failures="0" tests="2" name="practice.Testng1" time="0.014" errors="0" timestamp="2021-04-08T18:19:12 IST" skipped="0">
  <testcase classname="practice.Testng1" name="test01_first" time="0.012"/>
  <system-out/>
  <testcase classname="practice.Testng1" name="test02_second" time="0.002"/>
  <system-out/>
</testsuite> <!-- practice.Testng1 -->
