<?xml version="1.0" encoding="UTF-8"?>
<!-- Generated by org.testng.reporters.JUnitReportReporter -->
<testsuite skipped="0" hostname="SEZLAP-12009" name="practice.Testng2" tests="2" failures="0" timestamp="2021-04-09T01:38:56 IST" time="0.000" errors="0">
  <testcase name="test03_third" time="0.000" classname="practice.Testng2"/>
  <system-out/>
  <testcase name="test_04fourth" time="0.000" classname="practice.Testng2"/>
  <system-out/>
</testsuite> <!-- practice.Testng2 -->
